

Microchip Technology PIC18 LITE Macro Assembler V1.44 build -154322312 
                                                                                               Wed Oct 11 21:51:48 2017

Microchip Technology Omniscient Code Generator v1.44 (Free mode) build 201709140600
     1                           	processor	18F452
     2                           	fnconf	rparam,??,?,0
     3                           	opt	pw 120
     4                           	opt	lm
     5                           	psect	smallconst,global,reloc=2,class=SMALLCONST,delta=1,noexec
     6                           	psect	cinit,global,reloc=2,class=CODE,delta=1
     7                           	psect	cstackCOMRAM,global,class=COMRAM,space=1,delta=1,noexec
     8                           	psect	text0,global,reloc=2,class=CODE,delta=1
     9                           	psect	text1,global,reloc=2,class=CODE,delta=1
    10                           	psect	text2,global,reloc=2,class=CODE,delta=1
    11                           	psect	text3,global,reloc=2,class=CODE,delta=1
    12                           	psect	text4,global,reloc=2,class=CODE,delta=1
    13                           	psect	text5,global,reloc=2,class=CODE,delta=1
    14                           	psect	text6,global,reloc=2,class=CODE,delta=1
    15                           	psect	text7,global,reloc=2,class=CODE,delta=1
    16                           	psect	text8,global,reloc=2,class=CODE,delta=1
    17                           	psect	text9,global,reloc=2,class=CODE,delta=1
    18                           	psect	intsave_regs,global,class=BIGRAM,space=1,delta=1,noexec
    19                           	psect	rparam,global,class=COMRAM,space=1,delta=1,noexec
    20  0000                     
    21                           ; Version 1.44
    22                           ; Generated 14/09/2017 GMT
    23                           ; 
    24                           ; Copyright © 2017, Microchip Technology Inc. and its subsidiaries ("Microchip")
    25                           ; All rights reserved.
    26                           ; 
    27                           ; This software is developed by Microchip Technology Inc. and its subsidiaries ("Microch
      +                          ip").
    28                           ; 
    29                           ; Redistribution and use in source and binary forms, with or without modification, are
    30                           ; permitted provided that the following conditions are met:
    31                           ; 
    32                           ;     1. Redistributions of source code must retain the above copyright notice, this lis
      +                          t of
    33                           ;        conditions and the following disclaimer.
    34                           ; 
    35                           ;     2. Redistributions in binary form must reproduce the above copyright notice, this 
      +                          list
    36                           ;        of conditions and the following disclaimer in the documentation and/or other
    37                           ;        materials provided with the distribution.
    38                           ; 
    39                           ;     3. Microchip's name may not be used to endorse or promote products derived from th
      +                          is
    40                           ;        software without specific prior written permission.
    41                           ; 
    42                           ; THIS SOFTWARE IS PROVIDED BY MICROCHIP "AS IS" AND ANY EXPRESS OR IMPLIED WARRANTIES,
    43                           ; INCLUDING, BUT NOT LIMITED TO, THE IMPLIED WARRANTIES OF MERCHANTABILITY AND FITNESS F
      +                          OR
    44                           ; PURPOSE ARE DISCLAIMED.  IN NO EVENT SHALL MICROCHIP BE LIABLE FOR ANY DIRECT, INDIREC
      +                          T,
    45                           ; INCIDENTAL, SPECIAL, EXEMPLARY, OR CONSEQUENTIAL DAMAGES (INCLUDING BUT NOT LIMITED TO
    46                           ; PROCUREMENT OF SUBSTITUTE GOODS OR SERVICES; LOSS OF USE, DATA OR PROFITS; OR BUSINESS
    47                           ; INTERRUPTION) HOWSOEVER CAUSED AND ON ANY THEORY OF LIABILITY, WHETHER IN CONTRACT, ST
      +                          RICT
    48                           ; LIABILITY, OR TORT (INCLUDING NEGLIGENCE OR OTHERWISE) ARISING IN ANY WAY OUT OF THE U
      +                          SE OF
    49                           ; THIS SOFTWARE, EVEN IF ADVISED OF THE POSSIBILITY OF SUCH DAMAGE.
    50                           ; 
    51                           ; 
    52                           ; Code-generator required, PIC18F452 Definitions
    53                           ; 
    54                           ; SFR Addresses
    55  0000                     _TRISDbits	set	3989
    56  0000                     _TRISD	set	3989
    57  0000                     _PORTD	set	3971
    58  0000                     _LATDbits	set	3980
    59                           
    60                           	psect	smallconst
    61  000600                     __psmallconst:
    62                           	opt stack 0
    63  000600  00                 	db	0
    64  000601                     STR_1:
    65  000601  48                 	db	72	;'H'
    66  000602  45                 	db	69	;'E'
    67  000603  4C                 	db	76	;'L'
    68  000604  4C                 	db	76	;'L'
    69  000605  4F                 	db	79	;'O'
    70  000606  20                 	db	32
    71  000607  57                 	db	87	;'W'
    72  000608  4F                 	db	79	;'O'
    73  000609  52                 	db	82	;'R'
    74  00060A  4C                 	db	76	;'L'
    75  00060B  44                 	db	68	;'D'
    76  00060C  20                 	db	32
    77  00060D  00                 	db	0
    78                           
    79                           ; #config settings
    80  00060E  00                 	db	0	; dummy byte at the end
    81  0000                     
    82                           	psect	cinit
    83  0008B6                     __pcinit:
    84                           	opt stack 0
    85  0008B6                     start_initialization:
    86                           	opt stack 0
    87  0008B6                     __initialization:
    88                           	opt stack 0
    89  0008B6                     end_of_initialization:
    90                           	opt stack 0
    91  0008B6                     __end_of__initialization:
    92                           	opt stack 0
    93  0008B6  0E00               	movlw	low (__Lsmallconst shr (0+16))
    94  0008B8  6EF8               	movwf	tblptru,c
    95  0008BA  0E06               	movlw	high __Lsmallconst
    96  0008BC  6EF7               	movwf	tblptrh,c
    97  0008BE  0100               	movlb	0
    98  0008C0  EF34  F004         	goto	_main	;jump to C main() function
    99                           tblptru	equ	0xFF8
   100                           tblptrh	equ	0xFF7
   101                           
   102                           	psect	cstackCOMRAM
   103  000001                     __pcstackCOMRAM:
   104                           	opt stack 0
   105  000001                     ??_DelayPORXLCD:
   106  000001                     SetDDRamAddr@DDaddr:
   107                           	opt stack 0
   108  000001                     WriteCmdXLCD@cmd:
   109                           	opt stack 0
   110  000001                     WriteDataXLCD@data:
   111                           	opt stack 0
   112                           
   113                           ; 1 bytes @ 0x0
   114  000001                     	ds	1
   115  000002                     ??_OpenXLCD:
   116  000002                     putrsXLCD@buffer:
   117                           	opt stack 0
   118                           
   119                           ; 2 bytes @ 0x1
   120  000002                     	ds	1
   121  000003                     OpenXLCD@lcdtype:
   122                           	opt stack 0
   123                           
   124                           ; 1 bytes @ 0x2
   125  000003                     	ds	1
   126  000004                     tblptru	equ	0xFF8
   127                           tblptrh	equ	0xFF7
   128                           
   129                           ; 1 bytes @ 0x3
   130 ;;
   131 ;;Main: autosize = 0, tempsize = 0, incstack = 0, save=0
   132 ;;
   133 ;; *************** function _main *****************
   134 ;; Defined at:
   135 ;;		line 38 in file "lab1asm.c"
   136 ;; Parameters:    Size  Location     Type
   137 ;;		None
   138 ;; Auto vars:     Size  Location     Type
   139 ;;		None
   140 ;; Return value:  Size  Location     Type
   141 ;;                  1    wreg      void 
   142 ;; Registers used:
   143 ;;		wreg, status,2, status,0, tblptrl, tblptrh, tblptru, cstack
   144 ;; Tracked objects:
   145 ;;		On entry : 0/0
   146 ;;		On exit  : 0/0
   147 ;;		Unchanged: 0/0
   148 ;; Data sizes:     COMRAM   BANK0   BANK1   BANK2   BANK3   BANK4   BANK5
   149 ;;      Params:         0       0       0       0       0       0       0
   150 ;;      Locals:         0       0       0       0       0       0       0
   151 ;;      Temps:          0       0       0       0       0       0       0
   152 ;;      Totals:         0       0       0       0       0       0       0
   153 ;;Total ram usage:        0 bytes
   154 ;; Hardware stack levels required when called:    4
   155 ;; This function calls:
   156 ;;		_BusyXLCD
   157 ;;		_SetDDRamAddr
   158 ;;		_init_LCD
   159 ;;		_putrsXLCD
   160 ;; This function is called by:
   161 ;;		Startup code after reset
   162 ;; This function uses a non-reentrant model
   163 ;;
   164                           
   165                           	psect	text0
   166  000868                     __ptext0:
   167                           	opt stack 0
   168  000868                     _main:
   169                           	opt stack 0
   170  000868  FFFF               	dw	65535	; assembler added errata NOP
   171                           
   172                           ;lab1asm.c: 39: init_LCD();
   173                           
   174                           ;incstack = 0
   175  00086A  ECD1  F003         	call	_init_LCD	;wreg free
   176  00086E  FFFF               	dw	65535	; assembler added errata NOP
   177  000870  EC13  F004         	call	_BusyXLCD	;wreg free
   178  000874  0900               	iorlw	0
   179  000876  A4D8               	btfss	status,2,c
   180  000878  D7FA               	goto	l39
   181                           
   182                           ;lab1asm.c: 41: SetDDRamAddr( 0x00 );
   183  00087A  0E00               	movlw	0
   184  00087C  EC6D  F003         	call	_SetDDRamAddr
   185                           
   186                           ;lab1asm.c: 42: putrsXLCD( "HELLO WORLD " );
   187  000880  0E01               	movlw	low STR_1
   188  000882  6E02               	movwf	putrsXLCD@buffer,c
   189  000884  0E06               	movlw	high STR_1
   190  000886  6E03               	movwf	putrsXLCD@buffer+1,c
   191  000888  EC8F  F003         	call	_putrsXLCD	;wreg free
   192  00088C                     l41:
   193  00088C  FFFF               	dw	65535	; assembler added errata NOP
   194  00088E  D7FE               	goto	l41
   195  000890                     __end_of_main:
   196                           	opt stack 0
   197                           tblptru	equ	0xFF8
   198                           tblptrh	equ	0xFF7
   199                           status	equ	0xFD8
   200                           
   201 ;; *************** function _putrsXLCD *****************
   202 ;; Defined at:
   203 ;;		line 161 in file "lcd.c"
   204 ;; Parameters:    Size  Location     Type
   205 ;;  buffer          2    1[COMRAM] PTR const unsigned char 
   206 ;;		 -> STR_1(13), 
   207 ;; Auto vars:     Size  Location     Type
   208 ;;		None
   209 ;; Return value:  Size  Location     Type
   210 ;;                  1    wreg      void 
   211 ;; Registers used:
   212 ;;		wreg, status,2, status,0, tblptrl, tblptrh, tblptru, cstack
   213 ;; Tracked objects:
   214 ;;		On entry : 0/0
   215 ;;		On exit  : 0/0
   216 ;;		Unchanged: 0/0
   217 ;; Data sizes:     COMRAM   BANK0   BANK1   BANK2   BANK3   BANK4   BANK5
   218 ;;      Params:         2       0       0       0       0       0       0
   219 ;;      Locals:         0       0       0       0       0       0       0
   220 ;;      Temps:          0       0       0       0       0       0       0
   221 ;;      Totals:         2       0       0       0       0       0       0
   222 ;;Total ram usage:        2 bytes
   223 ;; Hardware stack levels used:    1
   224 ;; Hardware stack levels required when called:    2
   225 ;; This function calls:
   226 ;;		_BusyXLCD
   227 ;;		_WriteDataXLCD
   228 ;; This function is called by:
   229 ;;		_main
   230 ;; This function uses a non-reentrant model
   231 ;;
   232                           
   233                           	psect	text1
   234  00071E                     __ptext1:
   235                           	opt stack 0
   236  00071E                     _putrsXLCD:
   237                           	opt stack 0
   238  00071E  FFFF               	dw	65535	; assembler added errata NOP
   239                           
   240                           ;lcd.c: 163: while(*buffer)
   241                           
   242                           ;incstack = 0
   243  000720  D011               	goto	l96
   244  000722  FFFF               	dw	65535	; assembler added errata NOP
   245                           
   246                           ;lcd.c: 164: {
   247                           ;lcd.c: 165: while(BusyXLCD());
   248  000724  EC13  F004         	call	_BusyXLCD	;wreg free
   249  000728  0900               	iorlw	0
   250  00072A  A4D8               	btfss	status,2,c
   251  00072C  D7FA               	goto	l97
   252                           
   253                           ;lcd.c: 166: WriteDataXLCD(*buffer);
   254  00072E  C002  FFF6         	movff	putrsXLCD@buffer,tblptrl
   255  000732  C003  FFF7         	movff	putrsXLCD@buffer+1,tblptrh
   256  000736                     	if	0	;tblptru may be non-zero
   257  000736                     	endif
   258  000736                     	if	0	;tblptru may be non-zero
   259  000736                     	endif
   260  000736  0008               	tblrd		*
   261  000738  FFFF               	dw	65535	; errata NOP
   262  00073A  50F5               	movf	tablat,w,c
   263  00073C  ECB0  F003         	call	_WriteDataXLCD
   264                           
   265                           ;lcd.c: 167: buffer++;
   266  000740  4A02               	infsnz	putrsXLCD@buffer,f,c
   267  000742  2A03               	incf	putrsXLCD@buffer+1,f,c
   268  000744                     l96:
   269  000744  FFFF               	dw	65535	; assembler added errata NOP
   270  000746  C002  FFF6         	movff	putrsXLCD@buffer,tblptrl
   271  00074A  C003  FFF7         	movff	putrsXLCD@buffer+1,tblptrh
   272  00074E                     	if	0	;tblptru may be non-zero
   273  00074E                     	endif
   274  00074E                     	if	0	;tblptru may be non-zero
   275  00074E                     	endif
   276  00074E  0008               	tblrd		*
   277  000750  FFFF               	dw	65535	; errata NOP
   278  000752  50F5               	movf	tablat,w,c
   279  000754  0900               	iorlw	0
   280  000756  B4D8               	btfsc	status,2,c
   281                           
   282                           ;lcd.c: 168: }
   283                           ;lcd.c: 169: return;
   284  000758  0012               	return		;funcret
   285  00075A  FFFF               	dw	65535	; assembler added errata NOP
   286  00075C  D7E2               	goto	l97
   287  00075E  FFFF               	dw	65535	; errata NOP
   288  000760                     __end_of_putrsXLCD:
   289                           	opt stack 0
   290                           tblptru	equ	0xFF8
   291                           tblptrh	equ	0xFF7
   292                           tblptrl	equ	0xFF6
   293                           tablat	equ	0xFF5
   294                           status	equ	0xFD8
   295                           
   296 ;; *************** function _WriteDataXLCD *****************
   297 ;; Defined at:
   298 ;;		line 521 in file "lcd.c"
   299 ;; Parameters:    Size  Location     Type
   300 ;;  data            1    wreg     unsigned char 
   301 ;; Auto vars:     Size  Location     Type
   302 ;;  data            1    0[COMRAM] unsigned char 
   303 ;; Return value:  Size  Location     Type
   304 ;;                  1    wreg      void 
   305 ;; Registers used:
   306 ;;		wreg, status,2, status,0, cstack
   307 ;; Tracked objects:
   308 ;;		On entry : 0/0
   309 ;;		On exit  : 0/0
   310 ;;		Unchanged: 0/0
   311 ;; Data sizes:     COMRAM   BANK0   BANK1   BANK2   BANK3   BANK4   BANK5
   312 ;;      Params:         0       0       0       0       0       0       0
   313 ;;      Locals:         1       0       0       0       0       0       0
   314 ;;      Temps:          0       0       0       0       0       0       0
   315 ;;      Totals:         1       0       0       0       0       0       0
   316 ;;Total ram usage:        1 bytes
   317 ;; Hardware stack levels used:    1
   318 ;; Hardware stack levels required when called:    1
   319 ;; This function calls:
   320 ;;		_DelayFor18TCY
   321 ;; This function is called by:
   322 ;;		_putrsXLCD
   323 ;;		_putsXLCD
   324 ;; This function uses a non-reentrant model
   325 ;;
   326                           
   327                           	psect	text2
   328  000760                     __ptext2:
   329                           	opt stack 0
   330  000760                     _WriteDataXLCD:
   331                           	opt stack 0
   332  000760  FFFF               	dw	65535	; assembler added errata NOP
   333                           
   334                           ;incstack = 0
   335                           ;WriteDataXLCD@data stored from wreg
   336  000762  6E01               	movwf	WriteDataXLCD@data,c
   337                           
   338                           ;lcd.c: 536: TRISD &= 0x0f;
   339  000764  0E0F               	movlw	15
   340  000766  1695               	andwf	3989,f,c	;volatile
   341                           
   342                           ;lcd.c: 537: PORTD &= 0x0f;
   343  000768  0E0F               	movlw	15
   344  00076A  1683               	andwf	3971,f,c	;volatile
   345                           
   346                           ;lcd.c: 538: PORTD |= data&0xf0;
   347  00076C  5001               	movf	WriteDataXLCD@data,w,c
   348  00076E  0BF0               	andlw	240
   349  000770  1283               	iorwf	3971,f,c	;volatile
   350                           
   351                           ;lcd.c: 544: LATDbits.LATD1 = 1;
   352  000772  828C               	bsf	3980,1,c	;volatile
   353                           
   354                           ;lcd.c: 545: LATDbits.LATD2 = 0;
   355  000774  948C               	bcf	3980,2,c	;volatile
   356                           
   357                           ;lcd.c: 546: DelayFor18TCY();
   358  000776  EC53  F004         	call	_DelayFor18TCY	;wreg free
   359                           
   360                           ;lcd.c: 547: LATDbits.LATD0 = 1;
   361  00077A  808C               	bsf	3980,0,c	;volatile
   362                           
   363                           ;lcd.c: 548: DelayFor18TCY();
   364  00077C  EC53  F004         	call	_DelayFor18TCY	;wreg free
   365                           
   366                           ;lcd.c: 549: LATDbits.LATD0 = 0;
   367  000780  908C               	bcf	3980,0,c	;volatile
   368                           
   369                           ;lcd.c: 551: PORTD &= 0x0f;
   370  000782  0E0F               	movlw	15
   371  000784  1683               	andwf	3971,f,c	;volatile
   372                           
   373                           ;lcd.c: 552: PORTD |= ((data<<4)&0xf0);
   374  000786  3801               	swapf	WriteDataXLCD@data,w,c
   375  000788  0BF0               	andlw	240
   376  00078A  0BF0               	andlw	240
   377  00078C  1283               	iorwf	3971,f,c	;volatile
   378                           
   379                           ;lcd.c: 557: DelayFor18TCY();
   380  00078E  EC53  F004         	call	_DelayFor18TCY	;wreg free
   381                           
   382                           ;lcd.c: 558: LATDbits.LATD0 = 1;
   383  000792  808C               	bsf	3980,0,c	;volatile
   384                           
   385                           ;lcd.c: 559: DelayFor18TCY();
   386  000794  EC53  F004         	call	_DelayFor18TCY	;wreg free
   387                           
   388                           ;lcd.c: 560: LATDbits.LATD0 = 0;
   389  000798  908C               	bcf	3980,0,c	;volatile
   390                           
   391                           ;lcd.c: 562: TRISD |= 0xf0;
   392  00079A  0EF0               	movlw	240
   393  00079C  1295               	iorwf	3989,f,c	;volatile
   394                           
   395                           ;lcd.c: 567: return;
   396  00079E  0012               	return		;funcret
   397  0007A0  FFFF               	dw	65535	; errata NOP
   398  0007A2                     __end_of_WriteDataXLCD:
   399                           	opt stack 0
   400                           tblptru	equ	0xFF8
   401                           tblptrh	equ	0xFF7
   402                           tblptrl	equ	0xFF6
   403                           tablat	equ	0xFF5
   404                           status	equ	0xFD8
   405                           
   406 ;; *************** function _init_LCD *****************
   407 ;; Defined at:
   408 ;;		line 29 in file "lab1asm.c"
   409 ;; Parameters:    Size  Location     Type
   410 ;;		None
   411 ;; Auto vars:     Size  Location     Type
   412 ;;		None
   413 ;; Return value:  Size  Location     Type
   414 ;;                  1    wreg      void 
   415 ;; Registers used:
   416 ;;		wreg, status,2, status,0, cstack
   417 ;; Tracked objects:
   418 ;;		On entry : 0/0
   419 ;;		On exit  : 0/0
   420 ;;		Unchanged: 0/0
   421 ;; Data sizes:     COMRAM   BANK0   BANK1   BANK2   BANK3   BANK4   BANK5
   422 ;;      Params:         0       0       0       0       0       0       0
   423 ;;      Locals:         0       0       0       0       0       0       0
   424 ;;      Temps:          0       0       0       0       0       0       0
   425 ;;      Totals:         0       0       0       0       0       0       0
   426 ;;Total ram usage:        0 bytes
   427 ;; Hardware stack levels used:    1
   428 ;; Hardware stack levels required when called:    3
   429 ;; This function calls:
   430 ;;		_BusyXLCD
   431 ;;		_OpenXLCD
   432 ;;		_WriteCmdXLCD
   433 ;; This function is called by:
   434 ;;		_main
   435 ;; This function uses a non-reentrant model
   436 ;;
   437                           
   438                           	psect	text3
   439  0007A2                     __ptext3:
   440                           	opt stack 0
   441  0007A2                     _init_LCD:
   442                           	opt stack 0
   443  0007A2  FFFF               	dw	65535	; assembler added errata NOP
   444                           
   445                           ;lab1asm.c: 30: OpenXLCD( 0b00101100 & 0b00111000 );
   446                           
   447                           ;incstack = 0
   448  0007A4  0E28               	movlw	40
   449  0007A6  EC08  F003         	call	_OpenXLCD
   450  0007AA  FFFF               	dw	65535	; assembler added errata NOP
   451  0007AC  EC13  F004         	call	_BusyXLCD	;wreg free
   452  0007B0  0900               	iorlw	0
   453  0007B2  A4D8               	btfss	status,2,c
   454  0007B4  D7FA               	goto	l25
   455                           
   456                           ;lab1asm.c: 32: WriteCmdXLCD( 0b00101100 & 0b00111000 );
   457  0007B6  0E28               	movlw	40
   458  0007B8  ECF2  F003         	call	_WriteCmdXLCD
   459  0007BC  FFFF               	dw	65535	; assembler added errata NOP
   460  0007BE  EC13  F004         	call	_BusyXLCD	;wreg free
   461  0007C2  0900               	iorlw	0
   462  0007C4  A4D8               	btfss	status,2,c
   463  0007C6  D7FA               	goto	l28
   464                           
   465                           ;lab1asm.c: 34: WriteCmdXLCD( 0b00001111 );
   466  0007C8  0E0F               	movlw	15
   467  0007CA  ECF2  F003         	call	_WriteCmdXLCD
   468  0007CE  FFFF               	dw	65535	; assembler added errata NOP
   469  0007D0  EC13  F004         	call	_BusyXLCD	;wreg free
   470  0007D4  0900               	iorlw	0
   471  0007D6  A4D8               	btfss	status,2,c
   472  0007D8  D7FA               	goto	l31
   473                           
   474                           ;lab1asm.c: 36: WriteCmdXLCD( 0b00000110 );
   475  0007DA  0E06               	movlw	6
   476  0007DC  ECF2  F003         	call	_WriteCmdXLCD
   477  0007E0  0012               	return		;funcret
   478  0007E2  FFFF               	dw	65535	; errata NOP
   479  0007E4                     __end_of_init_LCD:
   480                           	opt stack 0
   481                           tblptru	equ	0xFF8
   482                           tblptrh	equ	0xFF7
   483                           tblptrl	equ	0xFF6
   484                           tablat	equ	0xFF5
   485                           status	equ	0xFD8
   486                           
   487 ;; *************** function _OpenXLCD *****************
   488 ;; Defined at:
   489 ;;		line 80 in file "lcd.c"
   490 ;; Parameters:    Size  Location     Type
   491 ;;  lcdtype         1    wreg     unsigned char 
   492 ;; Auto vars:     Size  Location     Type
   493 ;;  lcdtype         1    2[COMRAM] unsigned char 
   494 ;; Return value:  Size  Location     Type
   495 ;;                  1    wreg      void 
   496 ;; Registers used:
   497 ;;		wreg, status,2, status,0, cstack
   498 ;; Tracked objects:
   499 ;;		On entry : 0/0
   500 ;;		On exit  : 0/0
   501 ;;		Unchanged: 0/0
   502 ;; Data sizes:     COMRAM   BANK0   BANK1   BANK2   BANK3   BANK4   BANK5
   503 ;;      Params:         0       0       0       0       0       0       0
   504 ;;      Locals:         1       0       0       0       0       0       0
   505 ;;      Temps:          1       0       0       0       0       0       0
   506 ;;      Totals:         2       0       0       0       0       0       0
   507 ;;Total ram usage:        2 bytes
   508 ;; Hardware stack levels used:    1
   509 ;; Hardware stack levels required when called:    2
   510 ;; This function calls:
   511 ;;		_BusyXLCD
   512 ;;		_DelayPORXLCD
   513 ;;		_SetDDRamAddr
   514 ;;		_WriteCmdXLCD
   515 ;; This function is called by:
   516 ;;		_init_LCD
   517 ;; This function uses a non-reentrant model
   518 ;;
   519                           
   520                           	psect	text4
   521  000610                     __ptext4:
   522                           	opt stack 0
   523  000610                     _OpenXLCD:
   524                           	opt stack 0
   525  000610  FFFF               	dw	65535	; assembler added errata NOP
   526                           
   527                           ;incstack = 0
   528                           ;OpenXLCD@lcdtype stored from wreg
   529  000612  6E03               	movwf	OpenXLCD@lcdtype,c
   530                           
   531                           ;lcd.c: 89: PORTD &= 0x0f;
   532  000614  0E0F               	movlw	15
   533  000616  1683               	andwf	3971,f,c	;volatile
   534                           
   535                           ;lcd.c: 90: TRISD &= 0x0F;
   536  000618  0E0F               	movlw	15
   537  00061A  1695               	andwf	3989,f,c	;volatile
   538                           
   539                           ;lcd.c: 96: TRISDbits.TRISD2 = 0;
   540  00061C  9495               	bcf	3989,2,c	;volatile
   541                           
   542                           ;lcd.c: 97: TRISDbits.TRISD1 = 0;
   543  00061E  9295               	bcf	3989,1,c	;volatile
   544                           
   545                           ;lcd.c: 98: TRISDbits.TRISD0 = 0;
   546  000620  9095               	bcf	3989,0,c	;volatile
   547                           
   548                           ;lcd.c: 99: LATDbits.LATD2 = 0;
   549  000622  948C               	bcf	3980,2,c	;volatile
   550                           
   551                           ;lcd.c: 100: LATDbits.LATD1 = 0;
   552  000624  928C               	bcf	3980,1,c	;volatile
   553                           
   554                           ;lcd.c: 101: LATDbits.LATD0 = 0;
   555  000626  908C               	bcf	3980,0,c	;volatile
   556                           
   557                           ;lcd.c: 104: DelayPORXLCD();
   558  000628  EC48  F004         	call	_DelayPORXLCD	;wreg free
   559                           
   560                           ;lcd.c: 106: WriteCmdXLCD(0x30);
   561  00062C  0E30               	movlw	48
   562  00062E  ECF2  F003         	call	_WriteCmdXLCD
   563                           
   564                           ;lcd.c: 108: _delay((unsigned long)((15)*((4000000)/4000.0)));
   565  000632  0E0F               	movlw	15
   566  000634  6E02               	movwf	??_OpenXLCD& (0+255),c
   567  000636  0E9E               	movlw	158
   568  000638                     u207:
   569  000638  FFFF               	dw	65535	; errata NOP
   570  00063A  2EE8               	decfsz	wreg,f,c
   571  00063C  D7FD               	bra	u207
   572  00063E  2E02               	decfsz	??_OpenXLCD& (0+255),f,c
   573  000640  D7FB               	bra	u207
   574                           
   575                           ;lcd.c: 110: WriteCmdXLCD(0x30);
   576  000642  0E30               	movlw	48
   577  000644  ECF2  F003         	call	_WriteCmdXLCD
   578                           
   579                           ;lcd.c: 112: _delay((unsigned long)((15)*((4000000)/4000.0)));
   580  000648  0E0F               	movlw	15
   581  00064A  6E02               	movwf	??_OpenXLCD& (0+255),c
   582  00064C  0E9E               	movlw	158
   583  00064E                     u217:
   584  00064E  FFFF               	dw	65535	; errata NOP
   585  000650  2EE8               	decfsz	wreg,f,c
   586  000652  D7FD               	bra	u217
   587  000654  2E02               	decfsz	??_OpenXLCD& (0+255),f,c
   588  000656  D7FB               	bra	u217
   589                           
   590                           ;lcd.c: 114: WriteCmdXLCD(0x32);
   591  000658  0E32               	movlw	50
   592  00065A  ECF2  F003         	call	_WriteCmdXLCD
   593  00065E  FFFF               	dw	65535	; assembler added errata NOP
   594  000660  EC13  F004         	call	_BusyXLCD	;wreg free
   595  000664  0900               	iorlw	0
   596  000666  A4D8               	btfss	status,2,c
   597  000668  D7FA               	goto	l73
   598  00066A                     u20:
   599  00066A  FFFF               	dw	65535	; assembler added errata NOP
   600                           
   601                           ;lcd.c: 120: while(BusyXLCD());
   602  00066C  EC13  F004         	call	_BusyXLCD	;wreg free
   603  000670  0900               	iorlw	0
   604  000672  A4D8               	btfss	status,2,c
   605  000674  D7FA               	goto	u20
   606                           
   607                           ;lcd.c: 121: WriteCmdXLCD(lcdtype);
   608  000676  5003               	movf	OpenXLCD@lcdtype,w,c
   609  000678  ECF2  F003         	call	_WriteCmdXLCD
   610  00067C  FFFF               	dw	65535	; assembler added errata NOP
   611  00067E  EC13  F004         	call	_BusyXLCD	;wreg free
   612  000682  0900               	iorlw	0
   613  000684  A4D8               	btfss	status,2,c
   614  000686  D7FA               	goto	l79
   615                           
   616                           ;lcd.c: 125: WriteCmdXLCD(0b00001011&0b00001101&0b00001110);
   617  000688  0E08               	movlw	8
   618  00068A  ECF2  F003         	call	_WriteCmdXLCD
   619  00068E  FFFF               	dw	65535	; assembler added errata NOP
   620  000690  EC13  F004         	call	_BusyXLCD	;wreg free
   621  000694  0900               	iorlw	0
   622  000696  A4D8               	btfss	status,2,c
   623  000698  D7FA               	goto	l82
   624                           
   625                           ;lcd.c: 127: WriteCmdXLCD(0b00001111&0b00001111&0b00001111);
   626  00069A  0E0F               	movlw	15
   627  00069C  ECF2  F003         	call	_WriteCmdXLCD
   628  0006A0  FFFF               	dw	65535	; assembler added errata NOP
   629  0006A2  EC13  F004         	call	_BusyXLCD	;wreg free
   630  0006A6  0900               	iorlw	0
   631  0006A8  A4D8               	btfss	status,2,c
   632  0006AA  D7FA               	goto	l85
   633                           
   634                           ;lcd.c: 131: WriteCmdXLCD(0x01);
   635  0006AC  0E01               	movlw	1
   636  0006AE  ECF2  F003         	call	_WriteCmdXLCD
   637  0006B2  FFFF               	dw	65535	; assembler added errata NOP
   638  0006B4  EC13  F004         	call	_BusyXLCD	;wreg free
   639  0006B8  0900               	iorlw	0
   640  0006BA  A4D8               	btfss	status,2,c
   641  0006BC  D7FA               	goto	l88
   642                           
   643                           ;lcd.c: 135: WriteCmdXLCD(0b00000100);
   644  0006BE  0E04               	movlw	4
   645  0006C0  ECF2  F003         	call	_WriteCmdXLCD
   646  0006C4  FFFF               	dw	65535	; assembler added errata NOP
   647  0006C6  EC13  F004         	call	_BusyXLCD	;wreg free
   648  0006CA  0900               	iorlw	0
   649  0006CC  A4D8               	btfss	status,2,c
   650  0006CE  D7FA               	goto	l91
   651                           
   652                           ;lcd.c: 139: SetDDRamAddr(0x80);
   653  0006D0  0E80               	movlw	128
   654  0006D2  EC6D  F003         	call	_SetDDRamAddr
   655                           
   656                           ;lcd.c: 141: return;
   657  0006D6  0012               	return		;funcret
   658  0006D8  FFFF               	dw	65535	; errata NOP
   659  0006DA                     __end_of_OpenXLCD:
   660                           	opt stack 0
   661                           tblptru	equ	0xFF8
   662                           tblptrh	equ	0xFF7
   663                           tblptrl	equ	0xFF6
   664                           tablat	equ	0xFF5
   665                           wreg	equ	0xFE8
   666                           status	equ	0xFD8
   667                           
   668 ;; *************** function _WriteCmdXLCD *****************
   669 ;; Defined at:
   670 ;;		line 455 in file "lcd.c"
   671 ;; Parameters:    Size  Location     Type
   672 ;;  cmd             1    wreg     unsigned char 
   673 ;; Auto vars:     Size  Location     Type
   674 ;;  cmd             1    0[COMRAM] unsigned char 
   675 ;; Return value:  Size  Location     Type
   676 ;;                  1    wreg      void 
   677 ;; Registers used:
   678 ;;		wreg, status,2, status,0, cstack
   679 ;; Tracked objects:
   680 ;;		On entry : 0/0
   681 ;;		On exit  : 0/0
   682 ;;		Unchanged: 0/0
   683 ;; Data sizes:     COMRAM   BANK0   BANK1   BANK2   BANK3   BANK4   BANK5
   684 ;;      Params:         0       0       0       0       0       0       0
   685 ;;      Locals:         1       0       0       0       0       0       0
   686 ;;      Temps:          0       0       0       0       0       0       0
   687 ;;      Totals:         1       0       0       0       0       0       0
   688 ;;Total ram usage:        1 bytes
   689 ;; Hardware stack levels used:    1
   690 ;; Hardware stack levels required when called:    1
   691 ;; This function calls:
   692 ;;		_DelayFor18TCY
   693 ;; This function is called by:
   694 ;;		_init_LCD
   695 ;;		_OpenXLCD
   696 ;; This function uses a non-reentrant model
   697 ;;
   698                           
   699                           	psect	text5
   700  0007E4                     __ptext5:
   701                           	opt stack 0
   702  0007E4                     _WriteCmdXLCD:
   703                           	opt stack 0
   704  0007E4  FFFF               	dw	65535	; assembler added errata NOP
   705                           
   706                           ;incstack = 0
   707                           ;WriteCmdXLCD@cmd stored from wreg
   708  0007E6  6E01               	movwf	WriteCmdXLCD@cmd,c
   709                           
   710                           ;lcd.c: 470: TRISD &= 0x0f;
   711  0007E8  0E0F               	movlw	15
   712  0007EA  1695               	andwf	3989,f,c	;volatile
   713                           
   714                           ;lcd.c: 471: PORTD &= 0x0f;
   715  0007EC  0E0F               	movlw	15
   716  0007EE  1683               	andwf	3971,f,c	;volatile
   717                           
   718                           ;lcd.c: 472: PORTD |= cmd&0xf0;
   719  0007F0  5001               	movf	WriteCmdXLCD@cmd,w,c
   720  0007F2  0BF0               	andlw	240
   721  0007F4  1283               	iorwf	3971,f,c	;volatile
   722                           
   723                           ;lcd.c: 478: LATDbits.LATD2 = 0;
   724  0007F6  948C               	bcf	3980,2,c	;volatile
   725                           
   726                           ;lcd.c: 479: LATDbits.LATD1 = 0;
   727  0007F8  928C               	bcf	3980,1,c	;volatile
   728                           
   729                           ;lcd.c: 480: DelayFor18TCY();
   730  0007FA  EC53  F004         	call	_DelayFor18TCY	;wreg free
   731                           
   732                           ;lcd.c: 481: LATDbits.LATD0 = 1;
   733  0007FE  808C               	bsf	3980,0,c	;volatile
   734                           
   735                           ;lcd.c: 482: DelayFor18TCY();
   736  000800  EC53  F004         	call	_DelayFor18TCY	;wreg free
   737                           
   738                           ;lcd.c: 483: LATDbits.LATD0 = 0;
   739  000804  908C               	bcf	3980,0,c	;volatile
   740                           
   741                           ;lcd.c: 485: PORTD &= 0x0f;
   742  000806  0E0F               	movlw	15
   743  000808  1683               	andwf	3971,f,c	;volatile
   744                           
   745                           ;lcd.c: 486: PORTD |= (cmd<<4)&0xf0;
   746  00080A  3801               	swapf	WriteCmdXLCD@cmd,w,c
   747  00080C  0BF0               	andlw	240
   748  00080E  0BF0               	andlw	240
   749  000810  1283               	iorwf	3971,f,c	;volatile
   750                           
   751                           ;lcd.c: 491: DelayFor18TCY();
   752  000812  EC53  F004         	call	_DelayFor18TCY	;wreg free
   753                           
   754                           ;lcd.c: 492: LATDbits.LATD0 = 1;
   755  000816  808C               	bsf	3980,0,c	;volatile
   756                           
   757                           ;lcd.c: 493: DelayFor18TCY();
   758  000818  EC53  F004         	call	_DelayFor18TCY	;wreg free
   759                           
   760                           ;lcd.c: 494: LATDbits.LATD0 = 0;
   761  00081C  908C               	bcf	3980,0,c	;volatile
   762                           
   763                           ;lcd.c: 496: TRISD |= 0xf0;
   764  00081E  0EF0               	movlw	240
   765  000820  1295               	iorwf	3989,f,c	;volatile
   766                           
   767                           ;lcd.c: 501: return;
   768  000822  0012               	return		;funcret
   769  000824  FFFF               	dw	65535	; errata NOP
   770  000826                     __end_of_WriteCmdXLCD:
   771                           	opt stack 0
   772                           tblptru	equ	0xFF8
   773                           tblptrh	equ	0xFF7
   774                           tblptrl	equ	0xFF6
   775                           tablat	equ	0xFF5
   776                           wreg	equ	0xFE8
   777                           status	equ	0xFD8
   778                           
   779 ;; *************** function _SetDDRamAddr *****************
   780 ;; Defined at:
   781 ;;		line 392 in file "lcd.c"
   782 ;; Parameters:    Size  Location     Type
   783 ;;  DDaddr          1    wreg     unsigned char 
   784 ;; Auto vars:     Size  Location     Type
   785 ;;  DDaddr          1    0[COMRAM] unsigned char 
   786 ;; Return value:  Size  Location     Type
   787 ;;                  1    wreg      void 
   788 ;; Registers used:
   789 ;;		wreg, status,2, status,0, cstack
   790 ;; Tracked objects:
   791 ;;		On entry : 0/0
   792 ;;		On exit  : 0/0
   793 ;;		Unchanged: 0/0
   794 ;; Data sizes:     COMRAM   BANK0   BANK1   BANK2   BANK3   BANK4   BANK5
   795 ;;      Params:         0       0       0       0       0       0       0
   796 ;;      Locals:         1       0       0       0       0       0       0
   797 ;;      Temps:          0       0       0       0       0       0       0
   798 ;;      Totals:         1       0       0       0       0       0       0
   799 ;;Total ram usage:        1 bytes
   800 ;; Hardware stack levels used:    1
   801 ;; Hardware stack levels required when called:    1
   802 ;; This function calls:
   803 ;;		_DelayFor18TCY
   804 ;; This function is called by:
   805 ;;		_main
   806 ;;		_OpenXLCD
   807 ;; This function uses a non-reentrant model
   808 ;;
   809                           
   810                           	psect	text6
   811  0006DA                     __ptext6:
   812                           	opt stack 0
   813  0006DA                     _SetDDRamAddr:
   814                           	opt stack 0
   815  0006DA  FFFF               	dw	65535	; assembler added errata NOP
   816                           
   817                           ;incstack = 0
   818                           ;SetDDRamAddr@DDaddr stored from wreg
   819  0006DC  6E01               	movwf	SetDDRamAddr@DDaddr,c
   820                           
   821                           ;lcd.c: 407: TRISD &= 0x0f;
   822  0006DE  0E0F               	movlw	15
   823  0006E0  1695               	andwf	3989,f,c	;volatile
   824                           
   825                           ;lcd.c: 408: PORTD &= 0x0f;
   826  0006E2  0E0F               	movlw	15
   827  0006E4  1683               	andwf	3971,f,c	;volatile
   828                           
   829                           ;lcd.c: 409: PORTD |= ((DDaddr | 0b10000000) & 0xf0);
   830  0006E6  5001               	movf	SetDDRamAddr@DDaddr,w,c
   831  0006E8  0980               	iorlw	128
   832  0006EA  0BF0               	andlw	240
   833  0006EC  1283               	iorwf	3971,f,c	;volatile
   834                           
   835                           ;lcd.c: 415: LATDbits.LATD2 = 0;
   836  0006EE  948C               	bcf	3980,2,c	;volatile
   837                           
   838                           ;lcd.c: 416: LATDbits.LATD1 = 0;
   839  0006F0  928C               	bcf	3980,1,c	;volatile
   840                           
   841                           ;lcd.c: 417: DelayFor18TCY();
   842  0006F2  EC53  F004         	call	_DelayFor18TCY	;wreg free
   843                           
   844                           ;lcd.c: 418: LATDbits.LATD0 = 1;
   845  0006F6  808C               	bsf	3980,0,c	;volatile
   846                           
   847                           ;lcd.c: 419: DelayFor18TCY();
   848  0006F8  EC53  F004         	call	_DelayFor18TCY	;wreg free
   849                           
   850                           ;lcd.c: 420: LATDbits.LATD0 = 0;
   851  0006FC  908C               	bcf	3980,0,c	;volatile
   852                           
   853                           ;lcd.c: 422: PORTD &= 0x0f;
   854  0006FE  0E0F               	movlw	15
   855  000700  1683               	andwf	3971,f,c	;volatile
   856                           
   857                           ;lcd.c: 423: PORTD |= ((DDaddr<<4)&0xf0);
   858  000702  3801               	swapf	SetDDRamAddr@DDaddr,w,c
   859  000704  0BF0               	andlw	240
   860  000706  0BF0               	andlw	240
   861  000708  1283               	iorwf	3971,f,c	;volatile
   862                           
   863                           ;lcd.c: 428: DelayFor18TCY();
   864  00070A  EC53  F004         	call	_DelayFor18TCY	;wreg free
   865                           
   866                           ;lcd.c: 429: LATDbits.LATD0 = 1;
   867  00070E  808C               	bsf	3980,0,c	;volatile
   868                           
   869                           ;lcd.c: 430: DelayFor18TCY();
   870  000710  EC53  F004         	call	_DelayFor18TCY	;wreg free
   871                           
   872                           ;lcd.c: 431: LATDbits.LATD0 = 0;
   873  000714  908C               	bcf	3980,0,c	;volatile
   874                           
   875                           ;lcd.c: 433: TRISD |= 0xf0;
   876  000716  0EF0               	movlw	240
   877  000718  1295               	iorwf	3989,f,c	;volatile
   878                           
   879                           ;lcd.c: 438: return;
   880  00071A  0012               	return		;funcret
   881  00071C  FFFF               	dw	65535	; errata NOP
   882  00071E                     __end_of_SetDDRamAddr:
   883                           	opt stack 0
   884                           tblptru	equ	0xFF8
   885                           tblptrh	equ	0xFF7
   886                           tblptrl	equ	0xFF6
   887                           tablat	equ	0xFF5
   888                           wreg	equ	0xFE8
   889                           status	equ	0xFD8
   890                           
   891 ;; *************** function _DelayPORXLCD *****************
   892 ;; Defined at:
   893 ;;		line 19 in file "lab1asm.c"
   894 ;; Parameters:    Size  Location     Type
   895 ;;		None
   896 ;; Auto vars:     Size  Location     Type
   897 ;;		None
   898 ;; Return value:  Size  Location     Type
   899 ;;                  1    wreg      void 
   900 ;; Registers used:
   901 ;;		wreg
   902 ;; Tracked objects:
   903 ;;		On entry : 0/0
   904 ;;		On exit  : 0/0
   905 ;;		Unchanged: 0/0
   906 ;; Data sizes:     COMRAM   BANK0   BANK1   BANK2   BANK3   BANK4   BANK5
   907 ;;      Params:         0       0       0       0       0       0       0
   908 ;;      Locals:         0       0       0       0       0       0       0
   909 ;;      Temps:          1       0       0       0       0       0       0
   910 ;;      Totals:         1       0       0       0       0       0       0
   911 ;;Total ram usage:        1 bytes
   912 ;; Hardware stack levels used:    1
   913 ;; This function calls:
   914 ;;		Nothing
   915 ;; This function is called by:
   916 ;;		_OpenXLCD
   917 ;; This function uses a non-reentrant model
   918 ;;
   919                           
   920                           	psect	text7
   921  000890                     __ptext7:
   922                           	opt stack 0
   923  000890                     _DelayPORXLCD:
   924                           	opt stack 0
   925  000890  FFFF               	dw	65535	; assembler added errata NOP
   926                           
   927                           ;lab1asm.c: 21: _delay((unsigned long)((15)*(4000000/4000.0)));
   928                           
   929                           ;incstack = 0
   930  000892  0E0F               	movlw	15
   931  000894  6E01               	movwf	??_DelayPORXLCD& (0+255),c
   932  000896  0E9E               	movlw	158
   933  000898                     u227:
   934  000898  FFFF               	dw	65535	; errata NOP
   935  00089A  2EE8               	decfsz	wreg,f,c
   936  00089C  D7FD               	bra	u227
   937  00089E  2E01               	decfsz	??_DelayPORXLCD& (0+255),f,c
   938  0008A0  D7FB               	bra	u227
   939  0008A2  0012               	return		;funcret
   940  0008A4  FFFF               	dw	65535	; errata NOP
   941  0008A6                     __end_of_DelayPORXLCD:
   942                           	opt stack 0
   943                           tblptru	equ	0xFF8
   944                           tblptrh	equ	0xFF7
   945                           tblptrl	equ	0xFF6
   946                           tablat	equ	0xFF5
   947                           wreg	equ	0xFE8
   948                           status	equ	0xFD8
   949                           
   950 ;; *************** function _BusyXLCD *****************
   951 ;; Defined at:
   952 ;;		line 12 in file "lcd.c"
   953 ;; Parameters:    Size  Location     Type
   954 ;;		None
   955 ;; Auto vars:     Size  Location     Type
   956 ;;		None
   957 ;; Return value:  Size  Location     Type
   958 ;;                  1    wreg      unsigned char 
   959 ;; Registers used:
   960 ;;		wreg, cstack
   961 ;; Tracked objects:
   962 ;;		On entry : 0/0
   963 ;;		On exit  : 0/0
   964 ;;		Unchanged: 0/0
   965 ;; Data sizes:     COMRAM   BANK0   BANK1   BANK2   BANK3   BANK4   BANK5
   966 ;;      Params:         0       0       0       0       0       0       0
   967 ;;      Locals:         0       0       0       0       0       0       0
   968 ;;      Temps:          0       0       0       0       0       0       0
   969 ;;      Totals:         0       0       0       0       0       0       0
   970 ;;Total ram usage:        0 bytes
   971 ;; Hardware stack levels used:    1
   972 ;; Hardware stack levels required when called:    1
   973 ;; This function calls:
   974 ;;		_DelayFor18TCY
   975 ;; This function is called by:
   976 ;;		_init_LCD
   977 ;;		_main
   978 ;;		_OpenXLCD
   979 ;;		_putrsXLCD
   980 ;;		_putsXLCD
   981 ;; This function uses a non-reentrant model
   982 ;;
   983                           
   984                           	psect	text8
   985  000826                     __ptext8:
   986                           	opt stack 0
   987  000826                     _BusyXLCD:
   988                           	opt stack 0
   989  000826  FFFF               	dw	65535	; assembler added errata NOP
   990                           
   991                           ;lcd.c: 14: LATDbits.LATD2 = 1;
   992                           
   993                           ;incstack = 0
   994  000828  848C               	bsf	3980,2,c	;volatile
   995                           
   996                           ;lcd.c: 15: LATDbits.LATD1 = 0;
   997  00082A  928C               	bcf	3980,1,c	;volatile
   998                           
   999                           ;lcd.c: 16: DelayFor18TCY();
  1000  00082C  EC53  F004         	call	_DelayFor18TCY	;wreg free
  1001                           
  1002                           ;lcd.c: 17: LATDbits.LATD0 = 1;
  1003  000830  808C               	bsf	3980,0,c	;volatile
  1004                           
  1005                           ;lcd.c: 18: DelayFor18TCY();
  1006  000832  EC53  F004         	call	_DelayFor18TCY	;wreg free
  1007                           
  1008                           ;lcd.c: 34: if(PORTD&0x80)
  1009  000836  AE83               	btfss	3971,7,c	;volatile
  1010  000838  D00A               	goto	l67
  1011                           
  1012                           ;lcd.c: 38: {
  1013                           ;lcd.c: 39: LATDbits.LATD0 = 0;
  1014  00083A  908C               	bcf	3980,0,c	;volatile
  1015                           
  1016                           ;lcd.c: 40: DelayFor18TCY();
  1017  00083C  EC53  F004         	call	_DelayFor18TCY	;wreg free
  1018                           
  1019                           ;lcd.c: 41: LATDbits.LATD0 = 1;
  1020  000840  808C               	bsf	3980,0,c	;volatile
  1021                           
  1022                           ;lcd.c: 42: DelayFor18TCY();
  1023  000842  EC53  F004         	call	_DelayFor18TCY	;wreg free
  1024                           
  1025                           ;lcd.c: 43: LATDbits.LATD0 = 0;
  1026  000846  908C               	bcf	3980,0,c	;volatile
  1027                           
  1028                           ;lcd.c: 44: LATDbits.LATD2 = 0;
  1029  000848  948C               	bcf	3980,2,c	;volatile
  1030                           
  1031                           ;lcd.c: 45: return 1;
  1032  00084A  0E01               	movlw	1
  1033                           
  1034                           ;lcd.c: 46: }
  1035  00084C  D00A               	goto	l789
  1036  00084E                     l67:
  1037  00084E  FFFF               	dw	65535	; assembler added errata NOP
  1038                           
  1039                           ;lcd.c: 47: else
  1040                           ;lcd.c: 48: {
  1041                           ;lcd.c: 49: LATDbits.LATD0 = 0;
  1042  000850  908C               	bcf	3980,0,c	;volatile
  1043                           
  1044                           ;lcd.c: 50: DelayFor18TCY();
  1045  000852  EC53  F004         	call	_DelayFor18TCY	;wreg free
  1046                           
  1047                           ;lcd.c: 51: LATDbits.LATD0 = 1;
  1048  000856  808C               	bsf	3980,0,c	;volatile
  1049                           
  1050                           ;lcd.c: 52: DelayFor18TCY();
  1051  000858  EC53  F004         	call	_DelayFor18TCY	;wreg free
  1052                           
  1053                           ;lcd.c: 53: LATDbits.LATD0 = 0;
  1054  00085C  908C               	bcf	3980,0,c	;volatile
  1055                           
  1056                           ;lcd.c: 54: LATDbits.LATD2 = 0;
  1057  00085E  948C               	bcf	3980,2,c	;volatile
  1058                           
  1059                           ;lcd.c: 55: return 0;
  1060  000860  0E00               	movlw	0
  1061  000862                     l789:
  1062  000862  FFFF               	dw	65535	; assembler added errata NOP
  1063  000864  0012               	return		;funcret
  1064  000866  FFFF               	dw	65535	; errata NOP
  1065  000868                     __end_of_BusyXLCD:
  1066                           	opt stack 0
  1067                           tblptru	equ	0xFF8
  1068                           tblptrh	equ	0xFF7
  1069                           tblptrl	equ	0xFF6
  1070                           tablat	equ	0xFF5
  1071                           wreg	equ	0xFE8
  1072                           status	equ	0xFD8
  1073                           
  1074 ;; *************** function _DelayFor18TCY *****************
  1075 ;; Defined at:
  1076 ;;		line 13 in file "lab1asm.c"
  1077 ;; Parameters:    Size  Location     Type
  1078 ;;		None
  1079 ;; Auto vars:     Size  Location     Type
  1080 ;;		None
  1081 ;; Return value:  Size  Location     Type
  1082 ;;                  1    wreg      void 
  1083 ;; Registers used:
  1084 ;;		wreg
  1085 ;; Tracked objects:
  1086 ;;		On entry : 0/0
  1087 ;;		On exit  : 0/0
  1088 ;;		Unchanged: 0/0
  1089 ;; Data sizes:     COMRAM   BANK0   BANK1   BANK2   BANK3   BANK4   BANK5
  1090 ;;      Params:         0       0       0       0       0       0       0
  1091 ;;      Locals:         0       0       0       0       0       0       0
  1092 ;;      Temps:          0       0       0       0       0       0       0
  1093 ;;      Totals:         0       0       0       0       0       0       0
  1094 ;;Total ram usage:        0 bytes
  1095 ;; Hardware stack levels used:    1
  1096 ;; This function calls:
  1097 ;;		Nothing
  1098 ;; This function is called by:
  1099 ;;		_BusyXLCD
  1100 ;;		_SetDDRamAddr
  1101 ;;		_WriteCmdXLCD
  1102 ;;		_WriteDataXLCD
  1103 ;;		_ReadAddrXLCD
  1104 ;;		_ReadDataXLCD
  1105 ;;		_SetCGRamAddr
  1106 ;; This function uses a non-reentrant model
  1107 ;;
  1108                           
  1109                           	psect	text9
  1110  0008A6                     __ptext9:
  1111                           	opt stack 0
  1112  0008A6                     _DelayFor18TCY:
  1113                           	opt stack 0
  1114  0008A6  FFFF               	dw	65535	; assembler added errata NOP
  1115                           
  1116                           ;lab1asm.c: 15: _delay(18);
  1117                           
  1118                           ;incstack = 0
  1119  0008A8  0E04               	movlw	4
  1120  0008AA                     u237:
  1121  0008AA  FFFF               	dw	65535	; errata NOP
  1122  0008AC  2EE8               	decfsz	wreg,f,c
  1123  0008AE  D7FD               	bra	u237
  1124  0008B0  D000               	nop2	
  1125  0008B2  0012               	return		;funcret
  1126  0008B4  FFFF               	dw	65535	; errata NOP
  1127  0008B6                     __end_of_DelayFor18TCY:
  1128                           	opt stack 0
  1129                           tblptru	equ	0xFF8
  1130                           tblptrh	equ	0xFF7
  1131                           tblptrl	equ	0xFF6
  1132                           tablat	equ	0xFF5
  1133                           wreg	equ	0xFE8
  1134                           status	equ	0xFD8
  1135                           tblptru	equ	0xFF8
  1136                           tblptrh	equ	0xFF7
  1137                           tblptrl	equ	0xFF6
  1138                           tablat	equ	0xFF5
  1139                           wreg	equ	0xFE8
  1140                           status	equ	0xFD8
  1141                           
  1142                           	psect	rparam
  1143  0000                     tblptru	equ	0xFF8
  1144                           tblptrh	equ	0xFF7
  1145                           tblptrl	equ	0xFF6
  1146                           tablat	equ	0xFF5
  1147                           wreg	equ	0xFE8
  1148                           status	equ	0xFD8


Data Sizes:
    Strings     13
    Constant    0
    Data        0
    BSS         0
    Persistent  0
    Stack       0

Auto Spaces:
    Space          Size  Autos    Used
    COMRAM          127      3       3
    BANK0           128      0       0
    BANK1           256      0       0
    BANK2           256      0       0
    BANK3           256      0       0
    BANK4           256      0       0
    BANK5           256      0       0

Pointer List with Targets:

    putrsXLCD@buffer	PTR const unsigned char  size(2) Largest target is 13
		 -> STR_1(CODE[13]), 


Critical Paths under _main in COMRAM

    _main->_putrsXLCD
    _putrsXLCD->_WriteDataXLCD
    _init_LCD->_OpenXLCD
    _OpenXLCD->_DelayPORXLCD
    _OpenXLCD->_SetDDRamAddr
    _OpenXLCD->_WriteCmdXLCD

Critical Paths under _main in BANK0

    None.

Critical Paths under _main in BANK1

    None.

Critical Paths under _main in BANK2

    None.

Critical Paths under _main in BANK3

    None.

Critical Paths under _main in BANK4

    None.

Critical Paths under _main in BANK5

    None.

Call Graph Tables:

 ---------------------------------------------------------------------------------
 (Depth) Function   	        Calls       Base Space   Used Autos Params    Refs
 ---------------------------------------------------------------------------------
 (0) _main                                                 0     0      0     286
                           _BusyXLCD
                       _SetDDRamAddr
                           _init_LCD
                          _putrsXLCD
 ---------------------------------------------------------------------------------
 (1) _putrsXLCD                                            2     0      2     151
                                              1 COMRAM     2     0      2
                           _BusyXLCD
                      _WriteDataXLCD
 ---------------------------------------------------------------------------------
 (2) _WriteDataXLCD                                        1     1      0      30
                                              0 COMRAM     1     1      0
                      _DelayFor18TCY
 ---------------------------------------------------------------------------------
 (1) _init_LCD                                             0     0      0     105
                           _BusyXLCD
                           _OpenXLCD
                       _WriteCmdXLCD
 ---------------------------------------------------------------------------------
 (2) _OpenXLCD                                             2     2      0      75
                                              1 COMRAM     2     2      0
                           _BusyXLCD
                       _DelayPORXLCD
                       _SetDDRamAddr
                       _WriteCmdXLCD
 ---------------------------------------------------------------------------------
 (2) _WriteCmdXLCD                                         1     1      0      30
                                              0 COMRAM     1     1      0
                      _DelayFor18TCY
 ---------------------------------------------------------------------------------
 (3) _SetDDRamAddr                                         1     1      0      30
                                              0 COMRAM     1     1      0
                      _DelayFor18TCY
 ---------------------------------------------------------------------------------
 (3) _DelayPORXLCD                                         1     1      0       0
                                              0 COMRAM     1     1      0
 ---------------------------------------------------------------------------------
 (2) _BusyXLCD                                             0     0      0       0
                      _DelayFor18TCY
 ---------------------------------------------------------------------------------
 (3) _DelayFor18TCY                                        0     0      0       0
 ---------------------------------------------------------------------------------
 Estimated maximum stack depth 3
 ---------------------------------------------------------------------------------

 Call Graph Graphs:

 _main (ROOT)
   _BusyXLCD
     _DelayFor18TCY
   _SetDDRamAddr
     _DelayFor18TCY
   _init_LCD
     _BusyXLCD
       _DelayFor18TCY
     _OpenXLCD
       _BusyXLCD
         _DelayFor18TCY
       _DelayPORXLCD
       _SetDDRamAddr
         _DelayFor18TCY
       _WriteCmdXLCD
         _DelayFor18TCY
     _WriteCmdXLCD
       _DelayFor18TCY
   _putrsXLCD
     _BusyXLCD
       _DelayFor18TCY
     _WriteDataXLCD
       _DelayFor18TCY

 Address spaces:
Name               Size   Autos  Total    Cost      Usage
BITCOMRAM           7F      0       0       0        0.0%
EEDATA             100      0       0       0        0.0%
NULL                 0      0       0       0        0.0%
CODE                 0      0       0       0        0.0%
COMRAM              7F      3       3       1        2.4%
STACK                0      0       0       2        0.0%
DATA                 0      0       0       3        0.0%
BITBANK0            80      0       0       4        0.0%
BANK0               80      0       0       5        0.0%
BITBANK1           100      0       0       6        0.0%
BANK1              100      0       0       7        0.0%
BITBANK2           100      0       0       8        0.0%
BANK2              100      0       0       9        0.0%
BITBANK3           100      0       0      10        0.0%
BANK3              100      0       0      11        0.0%
BITBANK4           100      0       0      12        0.0%
BANK4              100      0       0      13        0.0%
BANK5              100      0       0      14        0.0%
ABS                  0      0       0      15        0.0%
BITBANK5           100      0       0      16        0.0%
BIGRAM             5FF      0       0      17        0.0%
BITSFR               0      0       0     200        0.0%
SFR                  0      0       0     200        0.0%


Microchip Technology PIC18 Macro Assembler V1.44 build -154322312 
Symbol Table                                                                                   Wed Oct 11 21:51:48 2017

                                                            l31 07CE  
                                                            l25 07AA  
                                                            l41 088C  
                                                            l28 07BC  
                                                            l39 086E  
                                                            l73 065E  
                                                            l82 068E  
                                                            l67 084E  
                                                            l91 06C4  
                                                            l85 06A0  
                                                            l79 067C  
                                                            l88 06B2  
                                                            l96 0744  
                                                            l97 0722  
                                                            u20 066A  
                                                   __CFG_OSC$HS 000000  
                                                           l789 0862  
                                                           u207 0638  
                                                           u217 064E  
                                                           u227 0898  
                                                           u237 08AA  
                                         __size_of_WriteCmdXLCD 0042  
                                                           wreg 000FE8  
                                                  __CFG_LVP$OFF 000000  
                                                  __CFG_WDT$OFF 000000  
                                                          STR_1 0601  
                                                          _main 0868  
                                        __size_of_WriteDataXLCD 0042  
                                                          start 0002  
                                                  ___param_bank 000000  
                                                  _WriteCmdXLCD 07E4  
                                                 ?_SetDDRamAddr 0001  
                                                         ?_main 0001  
                                                         _PORTD 000F83  
                                                         _TRISD 000F95  
                                                         tablat 000FF5  
                                                         status 000FD8  
                                               __initialization 08B6  
                                                  __end_of_main 0890  
                                              __end_of_BusyXLCD 0868  
                                         __size_of_DelayPORXLCD 0016  
                                                ??_SetDDRamAddr 0001  
                                              __end_of_OpenXLCD 06DA  
                                                        ??_main 0004  
                                                 __activetblptr 000001  
                                                 _WriteDataXLCD 0760  
                                                  _DelayPORXLCD 0890  
                                              __end_of_init_LCD 07E4  
                                                ?_WriteDataXLCD 0001  
                                                  __mediumconst 0000  
                                                        tblptrh 000FF7  
                                                        tblptrl 000FF6  
                                                        tblptru 000FF8  
                                                    __accesstop 0080  
                                       __end_of__initialization 08B6  
                                                 ___rparam_used 000001  
                                                __pcstackCOMRAM 0001  
                                        __size_of_DelayFor18TCY 0010  
                                                     ?_BusyXLCD 0001  
                                               WriteCmdXLCD@cmd 0001  
                                          __end_of_SetDDRamAddr 071E  
                                                     ?_OpenXLCD 0001  
                                             WriteDataXLCD@data 0001  
                                               ??_WriteDataXLCD 0001  
                                            __size_of_putrsXLCD 0042  
                                                    ??_BusyXLCD 0001  
                                                     ?_init_LCD 0001  
                                                    ??_OpenXLCD 0002  
                                                       __Hparam 0000  
                                                       __Lparam 0000  
                                                 _DelayFor18TCY 08A6  
                                                  __psmallconst 0600  
                                                       __pcinit 08B6  
                                               putrsXLCD@buffer 0002  
                                                       __ramtop 0600  
                                                       __ptext0 0868  
                                                       __ptext1 071E  
                                                       __ptext2 0760  
                                                       __ptext3 07A2  
                                                       __ptext4 0610  
                                                       __ptext5 07E4  
                                                       __ptext6 06DA  
                                                       __ptext7 0890  
                                                       __ptext8 0826  
                                                       __ptext9 08A6  
                                          end_of_initialization 08B6  
                                                    ??_init_LCD 0004  
                                                ?_DelayFor18TCY 0001  
                                             __end_of_putrsXLCD 0760  
                                                     _TRISDbits 000F95  
                                         __size_of_SetDDRamAddr 0044  
                                                  _SetDDRamAddr 06DA  
                                            SetDDRamAddr@DDaddr 0001  
                                           start_initialization 08B6  
                                             __size_of_BusyXLCD 0042  
                                               ??_DelayFor18TCY 0001  
                                             __size_of_OpenXLCD 00CA  
                                                 ?_WriteCmdXLCD 0001  
                                             __size_of_init_LCD 0042  
                                                ??_WriteCmdXLCD 0001  
                                         __end_of_WriteDataXLCD 07A2  
                                                   __smallconst 0600  
                                                      _LATDbits 000F8C  
                                                 ?_DelayPORXLCD 0001  
                                               OpenXLCD@lcdtype 0003  
                                                     _putrsXLCD 071E  
                                                      _BusyXLCD 0826  
                                                ??_DelayPORXLCD 0001  
                                                      _OpenXLCD 0610  
                                                      __Hrparam 0000  
                                                      __Lrparam 0000  
                                                  __Lsmallconst 0600  
                                                    ?_putrsXLCD 0002  
                                          __end_of_WriteCmdXLCD 0826  
                                                      _init_LCD 07A2  
                                                 __size_of_main 0028  
                                         __end_of_DelayFor18TCY 08B6  
                                          __end_of_DelayPORXLCD 08A6  
                                                   ??_putrsXLCD 0004  
